[2024-09-04 23:39:20,029:INFO:main:Welcome to my custom log]
[2024-09-06 11:59:11,632:INFO:common:yaml file: config\config.yaml loaded successfully]
[2024-09-06 11:59:11,636:INFO:common:yaml file: params.yaml loaded successfully]
[2024-09-06 11:59:11,637:INFO:common:created directory at: artifacts]
[2024-09-06 11:59:11,638:INFO:common:created directory at: artifacts/data_ingestion]
[2024-09-06 12:04:59,947:INFO:common:yaml file: config\config.yaml loaded successfully]
[2024-09-06 12:04:59,948:INFO:common:yaml file: params.yaml loaded successfully]
[2024-09-06 12:04:59,949:INFO:common:created directory at: artifacts]
[2024-09-06 12:04:59,950:INFO:common:created directory at: artifacts/data_ingestion]
[2024-09-06 12:08:54,851:INFO:common:yaml file: config\config.yaml loaded successfully]
[2024-09-06 12:08:54,852:INFO:common:yaml file: params.yaml loaded successfully]
[2024-09-06 12:08:54,853:INFO:common:created directory at: artifacts]
[2024-09-06 12:08:54,854:INFO:common:created directory at: artifacts/data_ingestion]
[2024-09-06 12:09:12,170:INFO:3798909177:artifacts/data_ingestion/data.zip download! with following info: 
 Connection: close
Content-Length: 11616915
Cache-Control: max-age=300
Content-Security-Policy: default-src 'none'; style-src 'unsafe-inline'; sandbox
Content-Type: application/zip
ETag: "adf745abc03891fe493c3be264ec012691fe3fa21d861f35a27edbe6d86a76b1"
Strict-Transport-Security: max-age=31536000
X-Content-Type-Options: nosniff
X-Frame-Options: deny
X-XSS-Protection: 1; mode=block
X-GitHub-Request-Id: CB6C:192D66:124719:169EDE:66DAA0EE
Accept-Ranges: bytes
Date: Fri, 06 Sep 2024 06:38:54 GMT
Via: 1.1 varnish
X-Served-By: cache-maa10243-MAA
X-Cache: HIT
X-Cache-Hits: 0
X-Timer: S1725604735.817714,VS0,VE1
Vary: Authorization,Accept-Encoding,Origin
Access-Control-Allow-Origin: *
Cross-Origin-Resource-Policy: cross-origin
X-Fastly-Request-ID: a3ca1f908d116fe771e01cf2f10c7c406c81843e
Expires: Fri, 06 Sep 2024 06:43:54 GMT
Source-Age: 234

]
[2024-09-07 14:03:11,596:INFO:main:>>>>>>> stage Data Ingestion stage started <<<<<<<]
[2024-09-07 14:03:11,596:INFO:common:yaml file: config\config.yaml loaded successfully]
[2024-09-07 14:03:11,596:INFO:common:yaml file: params.yaml loaded successfully]
[2024-09-07 14:03:11,596:INFO:common:created directory at: artifacts]
[2024-09-07 14:03:11,596:INFO:common:created directory at: artifacts/data_ingestion]
[2024-09-07 14:03:36,063:INFO:data_ingestion:artifacts/data_ingestion/data.zip download! with following info: 
 Connection: close
Content-Length: 11616915
Cache-Control: max-age=300
Content-Security-Policy: default-src 'none'; style-src 'unsafe-inline'; sandbox
Content-Type: application/zip
ETag: "adf745abc03891fe493c3be264ec012691fe3fa21d861f35a27edbe6d86a76b1"
Strict-Transport-Security: max-age=31536000
X-Content-Type-Options: nosniff
X-Frame-Options: deny
X-XSS-Protection: 1; mode=block
X-GitHub-Request-Id: B072:1B510:88193:BA739:66DC0FC8
Accept-Ranges: bytes
Date: Sat, 07 Sep 2024 08:33:14 GMT
Via: 1.1 varnish
X-Served-By: cache-maa10250-MAA
X-Cache: MISS
X-Cache-Hits: 0
X-Timer: S1725697993.306833,VS0,VE1055
Vary: Authorization,Accept-Encoding,Origin
Access-Control-Allow-Origin: *
Cross-Origin-Resource-Policy: cross-origin
X-Fastly-Request-ID: 3a89c14892c238afe494af1475bd1c7527d25d36
Expires: Sat, 07 Sep 2024 08:38:14 GMT
Source-Age: 1

]
[2024-09-07 14:03:36,302:INFO:main:>>>>>>> stage Data Ingestion stage completed <<<<<<<

x==========x]
